# JRE version: OpenJDK Runtime Environment (7.0_51) (build 1.7.0_51-b00)
# Java VM: OpenJDK 64-Bit Server VM (24.45-b08 mixed mode linux-amd64 compressed oops)
Heap
 PSYoungGen      total 195584K, used 78565K [0x00000000f0000000, 0x00000000ffa00000, 0x0000000100000000)
  eden space 161280K, 27% used [0x00000000f0000000,0x00000000f2b41560,0x00000000f9d80000)
  from space 34304K, 99% used [0x00000000f9d80000,0x00000000fbef8278,0x00000000fbf00000)
  to   space 39936K, 0% used [0x00000000fd300000,0x00000000fd300000,0x00000000ffa00000)
 ParOldGen       total 125952K, used 76169K [0x00000000d0000000, 0x00000000d7b00000, 0x00000000f0000000)
  object space 125952K, 60% used [0x00000000d0000000,0x00000000d4a62680,0x00000000d7b00000)
 PSPermGen       total 120320K, used 82926K [0x00000000b0000000, 0x00000000b7580000, 0x00000000d0000000)
  object space 120320K, 68% used [0x00000000b0000000,0x00000000b50fb960,0x00000000b7580000)
GC Heap History (10 events):
Event: 27.749 GC heap before
{Heap before GC invocations=18 (full 2):
 PSYoungGen      total 146944K, used 139349K [0x00000000f0000000, 0x00000000fc100000, 0x0000000100000000)
  eden space 125440K, 100% used [0x00000000f0000000,0x00000000f7a80000,0x00000000f7a80000)
  from space 21504K, 64% used [0x00000000f7a80000,0x00000000f8815618,0x00000000f8f80000)
  to   space 22528K, 0% used [0x00000000fab00000,0x00000000fab00000,0x00000000fc100000)
 ParOldGen       total 76288K, used 42242K [0x00000000d0000000, 0x00000000d4a80000, 0x00000000f0000000)
  object space 76288K, 55% used [0x00000000d0000000,0x00000000d29409f0,0x00000000d4a80000)
 PSPermGen       total 111104K, used 78707K [0x00000000b0000000, 0x00000000b6c80000, 0x00000000d0000000)
  object space 111104K, 70% used [0x00000000b0000000,0x00000000b4cdccd8,0x00000000b6c80000)
Event: 27.773 GC heap after
Heap after GC invocations=18 (full 2):
 PSYoungGen      total 167936K, used 22511K [0x00000000f0000000, 0x00000000fd280000, 0x0000000100000000)
  eden space 145408K, 0% used [0x00000000f0000000,0x00000000f0000000,0x00000000f8e00000)
  from space 22528K, 99% used [0x00000000fab00000,0x00000000fc0fbf18,0x00000000fc100000)
  to   space 29696K, 0% used [0x00000000f8e00000,0x00000000f8e00000,0x00000000fab00000)
 ParOldGen       total 76288K, used 50986K [0x00000000d0000000, 0x00000000d4a80000, 0x00000000f0000000)
  object space 76288K, 66% used [0x00000000d0000000,0x00000000d31cab30,0x00000000d4a80000)
 PSPermGen       total 111104K, used 78707K [0x00000000b0000000, 0x00000000b6c80000, 0x00000000d0000000)
  object space 111104K, 70% used [0x00000000b0000000,0x00000000b4cdccd8,0x00000000b6c80000)
}
Event: 30.749 GC heap before
{Heap before GC invocations=19 (full 2):
 PSYoungGen      total 167936K, used 167919K [0x00000000f0000000, 0x00000000fd280000, 0x0000000100000000)
  eden space 145408K, 100% used [0x00000000f0000000,0x00000000f8e00000,0x00000000f8e00000)
  from space 22528K, 99% used [0x00000000fab00000,0x00000000fc0fbf18,0x00000000fc100000)
  to   space 29696K, 0% used [0x00000000f8e00000,0x00000000f8e00000,0x00000000fab00000)
 ParOldGen       total 76288K, used 50986K [0x00000000d0000000, 0x00000000d4a80000, 0x00000000f0000000)
  object space 76288K, 66% used [0x00000000d0000000,0x00000000d31cab30,0x00000000d4a80000)
 PSPermGen       total 111104K, used 80407K [0x00000000b0000000, 0x00000000b6c80000, 0x00000000d0000000)
  object space 111104K, 72% used [0x00000000b0000000,0x00000000b4e85c50,0x00000000b6c80000)
Event: 30.782 GC heap after
Heap after GC invocations=19 (full 2):
 PSYoungGen      total 175104K, used 19916K [0x00000000f0000000, 0x00000000fe000000, 0x0000000100000000)
  eden space 145408K, 0% used [0x00000000f0000000,0x00000000f0000000,0x00000000f8e00000)
  from space 29696K, 67% used [0x00000000f8e00000,0x00000000fa1732b0,0x00000000fab00000)
  to   space 30720K, 0% used [0x00000000fc200000,0x00000000fc200000,0x00000000fe000000)
 ParOldGen       total 76288K, used 70768K [0x00000000d0000000, 0x00000000d4a80000, 0x00000000f0000000)
  object space 76288K, 92% used [0x00000000d0000000,0x00000000d451c250,0x00000000d4a80000)
 PSPermGen       total 111104K, used 80407K [0x00000000b0000000, 0x00000000b6c80000, 0x00000000d0000000)
  object space 111104K, 72% used [0x00000000b0000000,0x00000000b4e85c50,0x00000000b6c80000)
}
Event: 30.782 GC heap before
{Heap before GC invocations=20 (full 3):
 PSYoungGen      total 175104K, used 19916K [0x00000000f0000000, 0x00000000fe000000, 0x0000000100000000)
  eden space 145408K, 0% used [0x00000000f0000000,0x00000000f0000000,0x00000000f8e00000)
  from space 29696K, 67% used [0x00000000f8e00000,0x00000000fa1732b0,0x00000000fab00000)
  to   space 30720K, 0% used [0x00000000fc200000,0x00000000fc200000,0x00000000fe000000)
 ParOldGen       total 76288K, used 70768K [0x00000000d0000000, 0x00000000d4a80000, 0x00000000f0000000)
  object space 76288K, 92% used [0x00000000d0000000,0x00000000d451c250,0x00000000d4a80000)
 PSPermGen       total 111104K, used 80407K [0x00000000b0000000, 0x00000000b6c80000, 0x00000000d0000000)
  object space 111104K, 72% used [0x00000000b0000000,0x00000000b4e85c50,0x00000000b6c80000)
Event: 31.207 GC heap after
Heap after GC invocations=20 (full 3):
 PSYoungGen      total 175104K, used 5696K [0x00000000f0000000, 0x00000000fe000000, 0x0000000100000000)
  eden space 145408K, 0% used [0x00000000f0000000,0x00000000f0000000,0x00000000f8e00000)
  from space 29696K, 19% used [0x00000000f8e00000,0x00000000f93900f8,0x00000000fab00000)
  to   space 30720K, 0% used [0x00000000fc200000,0x00000000fc200000,0x00000000fe000000)
 ParOldGen       total 125952K, used 76022K [0x00000000d0000000, 0x00000000d7b00000, 0x00000000f0000000)
  object space 125952K, 60% used [0x00000000d0000000,0x00000000d4a3d988,0x00000000d7b00000)
 PSPermGen       total 120320K, used 72992K [0x00000000b0000000, 0x00000000b7580000, 0x00000000d0000000)
  object space 120320K, 60% used [0x00000000b0000000,0x00000000b4748298,0x00000000b7580000)
}
Event: 35.232 GC heap before
{Heap before GC invocations=21 (full 3):
 PSYoungGen      total 175104K, used 151104K [0x00000000f0000000, 0x00000000fe000000, 0x0000000100000000)
  eden space 145408K, 100% used [0x00000000f0000000,0x00000000f8e00000,0x00000000f8e00000)
  from space 29696K, 19% used [0x00000000f8e00000,0x00000000f93900f8,0x00000000fab00000)
  to   space 30720K, 0% used [0x00000000fc200000,0x00000000fc200000,0x00000000fe000000)
 ParOldGen       total 125952K, used 76022K [0x00000000d0000000, 0x00000000d7b00000, 0x00000000f0000000)
  object space 125952K, 60% used [0x00000000d0000000,0x00000000d4a3d988,0x00000000d7b00000)
 PSPermGen       total 120320K, used 78346K [0x00000000b0000000, 0x00000000b7580000, 0x00000000d0000000)
  object space 120320K, 65% used [0x00000000b0000000,0x00000000b4c82ac0,0x00000000b7580000)
Event: 35.269 GC heap after
Heap after GC invocations=21 (full 3):
 PSYoungGen      total 192000K, used 26336K [0x00000000f0000000, 0x00000000fe080000, 0x0000000100000000)
  eden space 161280K, 0% used [0x00000000f0000000,0x00000000f0000000,0x00000000f9d80000)
  from space 30720K, 85% used [0x00000000fc200000,0x00000000fdbb8020,0x00000000fe000000)
  to   space 34304K, 0% used [0x00000000f9d80000,0x00000000f9d80000,0x00000000fbf00000)
 ParOldGen       total 125952K, used 76022K [0x00000000d0000000, 0x00000000d7b00000, 0x00000000f0000000)
  object space 125952K, 60% used [0x00000000d0000000,0x00000000d4a3d988,0x00000000d7b00000)
 PSPermGen       total 120320K, used 78346K [0x00000000b0000000, 0x00000000b7580000, 0x00000000d0000000)
  object space 120320K, 65% used [0x00000000b0000000,0x00000000b4c82ac0,0x00000000b7580000)
}
Event: 48.352 GC heap before
{Heap before GC invocations=22 (full 3):
 PSYoungGen      total 192000K, used 187616K [0x00000000f0000000, 0x00000000fe080000, 0x0000000100000000)
  eden space 161280K, 100% used [0x00000000f0000000,0x00000000f9d80000,0x00000000f9d80000)
  from space 30720K, 85% used [0x00000000fc200000,0x00000000fdbb8020,0x00000000fe000000)
  to   space 34304K, 0% used [0x00000000f9d80000,0x00000000f9d80000,0x00000000fbf00000)
 ParOldGen       total 125952K, used 76022K [0x00000000d0000000, 0x00000000d7b00000, 0x00000000f0000000)
  object space 125952K, 60% used [0x00000000d0000000,0x00000000d4a3d988,0x00000000d7b00000)
 PSPermGen       total 120320K, used 81511K [0x00000000b0000000, 0x00000000b7580000, 0x00000000d0000000)
  object space 120320K, 67% used [0x00000000b0000000,0x00000000b4f99f88,0x00000000b7580000)
Event: 48.383 GC heap after
Heap after GC invocations=22 (full 3):
 PSYoungGen      total 195584K, used 34272K [0x00000000f0000000, 0x00000000ffa00000, 0x0000000100000000)
  eden space 161280K, 0% used [0x00000000f0000000,0x00000000f0000000,0x00000000f9d80000)
  from space 34304K, 99% used [0x00000000f9d80000,0x00000000fbef8278,0x00000000fbf00000)
  to   space 39936K, 0% used [0x00000000fd300000,0x00000000fd300000,0x00000000ffa00000)
 ParOldGen       total 125952K, used 76169K [0x00000000d0000000, 0x00000000d7b00000, 0x00000000f0000000)
  object space 125952K, 60% used [0x00000000d0000000,0x00000000d4a62680,0x00000000d7b00000)
 PSPermGen       total 120320K, used 81511K [0x00000000b0000000, 0x00000000b7580000, 0x00000000d0000000)
  object space 120320K, 67% used [0x00000000b0000000,0x00000000b4f99f88,0x00000000b7580000)
}

